Arguments: 
  /Users/mardzy/.nvm/versions/node/v8.3.0/bin/node /usr/local/Cellar/yarn/1.2.1/libexec/bin/yarn.js install

PATH: 
  /Users/mardzy/.rbenv/shims:/Users/mardzy/.rbenv/shims:/Users/mardzy/.nvm/versions/node/v8.3.0/bin:/Users/mardzy/bin:/usr/local/bin:/usr/local/bin:/usr/bin:/bin:/usr/sbin:/sbin:/Library/Frameworks/Mono.framework/Versions/Current/Commands:/Applications/Postgres.app/Contents/Versions/latest/bin

Yarn version: 
  1.2.1

Node version: 
  8.3.0

Platform: 
  darwin x64

npm manifest: 
  {
    "name": "redux-simple-starter",
    "version": "1.0.0",
    "description": "Simple starter package for Redux with React and Babel support",
    "main": "index.js",
    "license": "MIT",
    "author": "Paul Mardling",
    "scripts": {
      "start": "webpack-dev-server"
    },
    "dependencies": {
      "axios": "^0.17.1",
      "babel-preset-stage-1": "^6.1.18",
      "react": "15.6.2",
      "react-dom": "15.6.2",
      "react-redux": "4.3.0",
      "react-router": "^2.0.1",
      "redux": "^3.0.4",
      "redux-promise": "^0.5.3",
    },
    "devDependencies": {
      "babel-core": "^6.2.1",
      "babel-loader": "^6.2.0",
      "babel-preset-es2015": "^6.1.18",
      "babel-preset-react": "^6.1.18",
      "css-loader": "^0.28.4",
      "file-loader": "^0.11.2",
      "html-webpack-plugin": "^2.29.0",
      "jsdom": "^8.1.0",
      "node-sass": "^4.5.3",
      "sass-loader": "^6.0.6",
      "style-loader": "^0.18.2",
      "url-loader": "^0.5.9",
      "webpack": "^3.3.0",
      "webpack-dev-server": "^2.5.1"
    }
  }

yarn manifest: 
  No manifest

Lockfile: 
  No lockfile

Trace: 
  SyntaxError: /Users/mardzy/development/code-tests/potato-test/package.json: Unexpected token } in JSON at position 512
      at JSON.parse (<anonymous>)
      at /usr/local/Cellar/yarn/1.2.1/libexec/lib/cli.js:770:59
      at Generator.next (<anonymous>)
      at step (/usr/local/Cellar/yarn/1.2.1/libexec/lib/cli.js:92:30)
      at /usr/local/Cellar/yarn/1.2.1/libexec/lib/cli.js:103:13
      at <anonymous>
